# JRE version: OpenJDK Runtime Environment AdoptOpenJDK (11.0.10+9) (build 11.0.10+9)
# Java VM: OpenJDK 64-Bit Server VM AdoptOpenJDK (11.0.10+9, mixed mode, tiered, compressed oops, g1 gc, windows-amd64)
Heap:
 garbage-first heap   total 310272K, used 76846K [0x0000000704200000, 0x0000000800000000)
  region size 1024K, 70 young (71680K), 10 survivors (10240K)
 Metaspace       used 52294K, capacity 53442K, committed 53632K, reserved 1095680K
  class space    used 6549K, capacity 7023K, committed 7040K, reserved 1048576K
GC Heap History (10 events):
Event: 0.866 GC heap before
{Heap before GC invocations=0 (full 0):
 garbage-first heap   total 258048K, used 25600K [0x0000000704200000, 0x0000000800000000)
  region size 1024K, 24 young (24576K), 0 survivors (0K)
 Metaspace       used 11712K, capacity 11923K, committed 12032K, reserved 1060864K
  class space    used 1137K, capacity 1187K, committed 1280K, reserved 1048576K
}
Event: 0.871 GC heap after
{Heap after GC invocations=1 (full 0):
 garbage-first heap   total 258048K, used 6355K [0x0000000704200000, 0x0000000800000000)
  region size 1024K, 3 young (3072K), 3 survivors (3072K)
 Metaspace       used 11712K, capacity 11923K, committed 12032K, reserved 1060864K
  class space    used 1137K, capacity 1187K, committed 1280K, reserved 1048576K
}
Event: 1.805 GC heap before
{Heap before GC invocations=1 (full 0):
 garbage-first heap   total 258048K, used 84179K [0x0000000704200000, 0x0000000800000000)
  region size 1024K, 81 young (82944K), 3 survivors (3072K)
 Metaspace       used 20677K, capacity 21129K, committed 21248K, reserved 1069056K
  class space    used 2252K, capacity 2464K, committed 2560K, reserved 1048576K
}
Event: 1.813 GC heap after
{Heap after GC invocations=2 (full 0):
 garbage-first heap   total 258048K, used 8911K [0x0000000704200000, 0x0000000800000000)
  region size 1024K, 6 young (6144K), 6 survivors (6144K)
 Metaspace       used 20677K, capacity 21129K, committed 21248K, reserved 1069056K
  class space    used 2252K, capacity 2464K, committed 2560K, reserved 1048576K
}
Event: 2.712 GC heap before
{Heap before GC invocations=3 (full 0):
 garbage-first heap   total 258048K, used 93903K [0x0000000704200000, 0x0000000800000000)
  region size 1024K, 90 young (92160K), 6 survivors (6144K)
 Metaspace       used 26650K, capacity 27421K, committed 27648K, reserved 1073152K
  class space    used 2993K, capacity 3273K, committed 3328K, reserved 1048576K
}
Event: 2.719 GC heap after
{Heap after GC invocations=4 (full 0):
 garbage-first heap   total 258048K, used 11317K [0x0000000704200000, 0x0000000800000000)
  region size 1024K, 8 young (8192K), 8 survivors (8192K)
 Metaspace       used 26650K, capacity 27421K, committed 27648K, reserved 1073152K
  class space    used 2993K, capacity 3273K, committed 3328K, reserved 1048576K
}
Event: 4.444 GC heap before
{Heap before GC invocations=4 (full 0):
 garbage-first heap   total 258048K, used 71733K [0x0000000704200000, 0x0000000800000000)
  region size 1024K, 68 young (69632K), 8 survivors (8192K)
 Metaspace       used 34577K, capacity 35677K, committed 35840K, reserved 1081344K
  class space    used 4061K, capacity 4499K, committed 4608K, reserved 1048576K
}
Event: 4.470 GC heap after
{Heap after GC invocations=5 (full 0):
 garbage-first heap   total 258048K, used 14721K [0x0000000704200000, 0x0000000800000000)
  region size 1024K, 12 young (12288K), 12 survivors (12288K)
 Metaspace       used 34577K, capacity 35677K, committed 35840K, reserved 1081344K
  class space    used 4061K, capacity 4499K, committed 4608K, reserved 1048576K
}
Event: 5.572 GC heap before
{Heap before GC invocations=6 (full 0):
 garbage-first heap   total 258048K, used 136577K [0x0000000704200000, 0x0000000800000000)
  region size 1024K, 132 young (135168K), 12 survivors (12288K)
 Metaspace       used 40886K, capacity 42059K, committed 42112K, reserved 1085440K
  class space    used 4945K, capacity 5451K, committed 5504K, reserved 1048576K
}
Event: 5.588 GC heap after
{Heap after GC invocations=7 (full 0):
 garbage-first heap   total 310272K, used 16430K [0x0000000704200000, 0x0000000800000000)
  region size 1024K, 10 young (10240K), 10 survivors (10240K)
 Metaspace       used 40886K, capacity 42059K, committed 42112K, reserved 1085440K
  class space    used 4945K, capacity 5451K, committed 5504K, reserved 1048576K
}

