# JRE version: OpenJDK Runtime Environment AdoptOpenJDK (11.0.10+9) (build 11.0.10+9)
# Java VM: OpenJDK 64-Bit Server VM AdoptOpenJDK (11.0.10+9, mixed mode, tiered, compressed oops, g1 gc, windows-amd64)
Heap:
 garbage-first heap   total 310272K, used 26460K [0x0000000704200000, 0x0000000800000000)
  region size 1024K, 21 young (21504K), 16 survivors (16384K)
 Metaspace       used 59016K, capacity 60525K, committed 60800K, reserved 1101824K
  class space    used 7476K, capacity 8079K, committed 8192K, reserved 1048576K
GC Heap History (14 events):
Event: 0.719 GC heap before
{Heap before GC invocations=0 (full 0):
 garbage-first heap   total 258048K, used 25600K [0x0000000704200000, 0x0000000800000000)
  region size 1024K, 24 young (24576K), 0 survivors (0K)
 Metaspace       used 11720K, capacity 11919K, committed 12032K, reserved 1060864K
  class space    used 1137K, capacity 1187K, committed 1280K, reserved 1048576K
}
Event: 0.724 GC heap after
{Heap after GC invocations=1 (full 0):
 garbage-first heap   total 258048K, used 6395K [0x0000000704200000, 0x0000000800000000)
  region size 1024K, 3 young (3072K), 3 survivors (3072K)
 Metaspace       used 11720K, capacity 11919K, committed 12032K, reserved 1060864K
  class space    used 1137K, capacity 1187K, committed 1280K, reserved 1048576K
}
Event: 0.998 GC heap before
{Heap before GC invocations=1 (full 0):
 garbage-first heap   total 258048K, used 55547K [0x0000000704200000, 0x0000000800000000)
  region size 1024K, 52 young (53248K), 3 survivors (3072K)
 Metaspace       used 14795K, capacity 15080K, committed 15232K, reserved 1062912K
  class space    used 1501K, capacity 1631K, committed 1664K, reserved 1048576K
}
Event: 1.001 GC heap after
{Heap after GC invocations=2 (full 0):
 garbage-first heap   total 258048K, used 7418K [0x0000000704200000, 0x0000000800000000)
  region size 1024K, 4 young (4096K), 4 survivors (4096K)
 Metaspace       used 14795K, capacity 15080K, committed 15232K, reserved 1062912K
  class space    used 1501K, capacity 1631K, committed 1664K, reserved 1048576K
}
Event: 1.476 GC heap before
{Heap before GC invocations=2 (full 0):
 garbage-first heap   total 258048K, used 36090K [0x0000000704200000, 0x0000000800000000)
  region size 1024K, 33 young (33792K), 4 survivors (4096K)
 Metaspace       used 20673K, capacity 21122K, committed 21248K, reserved 1069056K
  class space    used 2253K, capacity 2463K, committed 2560K, reserved 1048576K
}
Event: 1.483 GC heap after
{Heap after GC invocations=3 (full 0):
 garbage-first heap   total 258048K, used 8891K [0x0000000704200000, 0x0000000800000000)
  region size 1024K, 6 young (6144K), 6 survivors (6144K)
 Metaspace       used 20673K, capacity 21122K, committed 21248K, reserved 1069056K
  class space    used 2253K, capacity 2463K, committed 2560K, reserved 1048576K
}
Event: 1.873 GC heap before
{Heap before GC invocations=4 (full 0):
 garbage-first heap   total 258048K, used 70331K [0x0000000704200000, 0x0000000800000000)
  region size 1024K, 67 young (68608K), 6 survivors (6144K)
 Metaspace       used 25379K, capacity 25946K, committed 26240K, reserved 1073152K
  class space    used 2855K, capacity 3091K, committed 3200K, reserved 1048576K
}
Event: 1.879 GC heap after
{Heap after GC invocations=5 (full 0):
 garbage-first heap   total 258048K, used 10160K [0x0000000704200000, 0x0000000800000000)
  region size 1024K, 4 young (4096K), 4 survivors (4096K)
 Metaspace       used 25379K, capacity 25946K, committed 26240K, reserved 1073152K
  class space    used 2855K, capacity 3091K, committed 3200K, reserved 1048576K
}
Event: 3.648 GC heap before
{Heap before GC invocations=5 (full 0):
 garbage-first heap   total 258048K, used 91056K [0x0000000704200000, 0x0000000800000000)
  region size 1024K, 84 young (86016K), 4 survivors (4096K)
 Metaspace       used 34592K, capacity 35671K, committed 35840K, reserved 1081344K
  class space    used 4068K, capacity 4499K, committed 4608K, reserved 1048576K
}
Event: 3.663 GC heap after
{Heap after GC invocations=6 (full 0):
 garbage-first heap   total 258048K, used 14316K [0x0000000704200000, 0x0000000800000000)
  region size 1024K, 8 young (8192K), 8 survivors (8192K)
 Metaspace       used 34592K, capacity 35671K, committed 35840K, reserved 1081344K
  class space    used 4068K, capacity 4499K, committed 4608K, reserved 1048576K
}
Event: 4.355 GC heap before
{Heap before GC invocations=7 (full 0):
 garbage-first heap   total 258048K, used 131052K [0x0000000704200000, 0x0000000800000000)
  region size 1024K, 123 young (125952K), 8 survivors (8192K)
 Metaspace       used 40031K, capacity 41177K, committed 41472K, reserved 1085440K
  class space    used 4808K, capacity 5310K, committed 5376K, reserved 1048576K
}
Event: 4.364 GC heap after
{Heap after GC invocations=8 (full 0):
 garbage-first heap   total 310272K, used 15913K [0x0000000704200000, 0x0000000800000000)
  region size 1024K, 10 young (10240K), 10 survivors (10240K)
 Metaspace       used 40031K, capacity 41177K, committed 41472K, reserved 1085440K
  class space    used 4808K, capacity 5310K, committed 5376K, reserved 1048576K
}
Event: 7.041 GC heap before
{Heap before GC invocations=8 (full 0):
 garbage-first heap   total 310272K, used 139817K [0x0000000704200000, 0x0000000800000000)
  region size 1024K, 132 young (135168K), 10 survivors (10240K)
 Metaspace       used 58585K, capacity 60066K, committed 60160K, reserved 1101824K
  class space    used 7397K, capacity 7991K, committed 8064K, reserved 1048576K
}
Event: 7.079 GC heap after
{Heap after GC invocations=9 (full 0):
 garbage-first heap   total 310272K, used 22364K [0x0000000704200000, 0x0000000800000000)
  region size 1024K, 16 young (16384K), 16 survivors (16384K)
 Metaspace       used 58585K, capacity 60066K, committed 60160K, reserved 1101824K
  class space    used 7397K, capacity 7991K, committed 8064K, reserved 1048576K
}

